2026-01-02  10:09:12收到数据
数据内容:  用户ID:Nievsdnt7RFE16BfX   题号:eaam96Pw   状态:成功[2]   项目:主题乐园调查[eaam96Pw]   金额[money]1.4 URL:/data_s/?meeduo=1&acode=eaam96Pw&memberid=Nievsdnt7RFE16BfX&eventid=fWpT9kgIlgGzCzig&sid=19905&totalpoint=2.0&immediate=2&point=1.40&title=%E4%B8%BB%E9%A2%98%E4%B9%90%E5%9B%AD%E8%B0%83%E6%9F%A5&pm1=Nievsdnt7RFE16BfX&pm2=&pm3=&stime=2026-01-02+08%3A38&etime=2026-01-02+10%3A09&sign=fcc4ec7f030f4bf8092caa70c09f24fa  记录时间:2026-01-02  10:09:12
	 
2026-01-02  10:13:57收到数据
数据内容:  用户ID:HhllgYhdnyS6IE16pgl   题号:eaam96Pw   状态:成功[2]   项目:主题乐园调查[eaam96Pw]   金额[money]1.4 URL:/data_s/?meeduo=1&acode=eaam96Pw&memberid=HhllgYhdnyS6IE16pgl&eventid=ckdAeKXTQSPwbAiV&sid=19905&totalpoint=2.0&immediate=2&point=1.40&title=%E4%B8%BB%E9%A2%98%E4%B9%90%E5%9B%AD%E8%B0%83%E6%9F%A5&pm1=HhllgYhdnyS6IE16pgl&pm2=&pm3=&stime=2026-01-02+08%3A58&etime=2026-01-02+10%3A13&sign=a15867c2153a1cb166baee098f4d8099  记录时间:2026-01-02  10:13:57
	 
2026-01-02  10:16:54收到数据
数据内容:  用户ID:KI4Psdnt7lm8PE16A7m   题号:eaam96Pw   状态:成功[2]   项目:主题乐园调查[eaam96Pw]   金额[money]1.4 URL:/data_s/?meeduo=1&acode=eaam96Pw&memberid=KI4Psdnt7lm8PE16A7m&eventid=mldtYiC55YqhlRrx&sid=19905&totalpoint=2.0&immediate=2&point=1.40&title=%E4%B8%BB%E9%A2%98%E4%B9%90%E5%9B%AD%E8%B0%83%E6%9F%A5&pm1=KI4Psdnt7lm8PE16A7m&pm2=&pm3=&stime=2026-01-02+08%3A38&etime=2026-01-02+10%3A16&sign=0fd0111e4fba4e8831a782246423013a  记录时间:2026-01-02  10:16:54
	 
2026-01-02  10:18:39收到数据
数据内容:  用户ID:qpMK6YhdnynRvE16JCz   题号:eaam96Pw   状态:成功[2]   项目:主题乐园调查[eaam96Pw]   金额[money]1.4 URL:/data_s/?meeduo=1&acode=eaam96Pw&memberid=qpMK6YhdnynRvE16JCz&eventid=vEYWAZrLCrsQPqi9&sid=19905&totalpoint=2.0&immediate=2&point=1.40&title=%E4%B8%BB%E9%A2%98%E4%B9%90%E5%9B%AD%E8%B0%83%E6%9F%A5&pm1=qpMK6YhdnynRvE16JCz&pm2=&pm3=&stime=2026-01-02+08%3A58&etime=2026-01-02+10%3A18&sign=0856986d08a787c8528185896fd4ecb4  记录时间:2026-01-02  10:18:39
	 
2026-01-02  10:20:30收到数据
数据内容:  用户ID:B7TYhdnycPEE16F5W   题号:eaam96Pw   状态:成功[2]   项目:主题乐园调查[eaam96Pw]   金额[money]1.4 URL:/data_s/?meeduo=1&acode=eaam96Pw&memberid=B7TYhdnycPEE16F5W&eventid=osRLweSBkLl2kgbc&sid=19905&totalpoint=2.0&immediate=2&point=1.40&title=%E4%B8%BB%E9%A2%98%E4%B9%90%E5%9B%AD%E8%B0%83%E6%9F%A5&pm1=B7TYhdnycPEE16F5W&pm2=&pm3=&stime=2026-01-02+08%3A58&etime=2026-01-02+10%3A20&sign=68defa02f61c7109ea0fe582643affef  记录时间:2026-01-02  10:20:30
	 
2026-01-02  10:21:20收到数据
数据内容:  用户ID:MPXMYhdnydPiPSE16APATx   题号:eaam96Pw   状态:成功[2]   项目:主题乐园调查[eaam96Pw]   金额[money]1.4 URL:/data_s/?meeduo=1&acode=eaam96Pw&memberid=MPXMYhdnydPiPSE16APATx&eventid=wgsIS1IbNunQv2wr&sid=19905&totalpoint=2.0&immediate=2&point=1.40&title=%E4%B8%BB%E9%A2%98%E4%B9%90%E5%9B%AD%E8%B0%83%E6%9F%A5&pm1=MPXMYhdnydPiPSE16APATx&pm2=&pm3=&stime=2026-01-02+08%3A58&etime=2026-01-02+10%3A21&sign=17f0c6d254c1ffd3534ade3cf3db86fe  记录时间:2026-01-02  10:21:20
	 
2026-01-02  10:22:09收到数据
数据内容:  用户ID:EcX0YhdnyluBE16lubK   题号:eaam96Pw   状态:成功[2]   项目:主题乐园调查[eaam96Pw]   金额[money]1.4 URL:/data_s/?meeduo=1&acode=eaam96Pw&memberid=EcX0YhdnyluBE16lubK&eventid=Dwn4iwGUOhBcAUnp&sid=19905&totalpoint=2.0&immediate=2&point=1.40&title=%E4%B8%BB%E9%A2%98%E4%B9%90%E5%9B%AD%E8%B0%83%E6%9F%A5&pm1=EcX0YhdnyluBE16lubK&pm2=&pm3=&stime=2026-01-02+08%3A58&etime=2026-01-02+10%3A22&sign=0307d2ead2026a2ce7f7c21be56cb4c5  记录时间:2026-01-02  10:22:09
	 
2026-01-02  10:22:58收到数据
数据内容:  用户ID:DPLsdnt7mXMhzE16QXC4l   题号:eaam96Pw   状态:成功[2]   项目:主题乐园调查[eaam96Pw]   金额[money]1.4 URL:/data_s/?meeduo=1&acode=eaam96Pw&memberid=DPLsdnt7mXMhzE16QXC4l&eventid=ddi9yI3OUddxgBGW&sid=19905&totalpoint=2.0&immediate=2&point=1.40&title=%E4%B8%BB%E9%A2%98%E4%B9%90%E5%9B%AD%E8%B0%83%E6%9F%A5&pm1=DPLsdnt7mXMhzE16QXC4l&pm2=&pm3=&stime=2026-01-02+08%3A38&etime=2026-01-02+10%3A22&sign=1deda93b4e15ebf73cc68a8f97a19967  记录时间:2026-01-02  10:22:58
	 
2026-01-02  10:23:25收到数据
数据内容:  用户ID:lklpYhdnyqoE16vlFov   题号:eaam96Pw   状态:成功[2]   项目:主题乐园调查[eaam96Pw]   金额[money]1.4 URL:/data_s/?meeduo=1&acode=eaam96Pw&memberid=lklpYhdnyqoE16vlFov&eventid=rAcr3g7HTm24iuzI&sid=19905&totalpoint=2.0&immediate=2&point=1.40&title=%E4%B8%BB%E9%A2%98%E4%B9%90%E5%9B%AD%E8%B0%83%E6%9F%A5&pm1=lklpYhdnyqoE16vlFov&pm2=&pm3=&stime=2026-01-02+08%3A58&etime=2026-01-02+10%3A23&sign=49962ee5fdf321c03ef5468a4102be3a  记录时间:2026-01-02  10:23:25
	 
2026-01-02  10:23:43收到数据
数据内容:  用户ID:IpCHgsdnt7v8dDE16bXdls   题号:eaam96Pw   状态:成功[2]   项目:主题乐园调查[eaam96Pw]   金额[money]1.4 URL:/data_s/?meeduo=1&acode=eaam96Pw&memberid=IpCHgsdnt7v8dDE16bXdls&eventid=MKxBuLworGlohfZX&sid=19905&totalpoint=2.0&immediate=2&point=1.40&title=%E4%B8%BB%E9%A2%98%E4%B9%90%E5%9B%AD%E8%B0%83%E6%9F%A5&pm1=IpCHgsdnt7v8dDE16bXdls&pm2=&pm3=&stime=2026-01-02+08%3A38&etime=2026-01-02+10%3A23&sign=30a54163490850c6f880cf5e9bc83601  记录时间:2026-01-02  10:23:43
	 
2026-01-02  10:24:30收到数据
数据内容:  用户ID:hc7aYhdnySshqE16rd04   题号:eaam96Pw   状态:成功[2]   项目:主题乐园调查[eaam96Pw]   金额[money]1.4 URL:/data_s/?meeduo=1&acode=eaam96Pw&memberid=hc7aYhdnySshqE16rd04&eventid=sXcGiVgmQiig5iPa&sid=19905&totalpoint=2.0&immediate=2&point=1.40&title=%E4%B8%BB%E9%A2%98%E4%B9%90%E5%9B%AD%E8%B0%83%E6%9F%A5&pm1=hc7aYhdnySshqE16rd04&pm2=&pm3=&stime=2026-01-02+08%3A58&etime=2026-01-02+10%3A24&sign=3827a049a6da582c98ca3902f7de1068  记录时间:2026-01-02  10:24:30
	 
2026-01-02  10:24:31收到数据
数据内容:  用户ID:EjiN0sdnt7rRrPE16cReu   题号:eaam96Pw   状态:成功[2]   项目:主题乐园调查[eaam96Pw]   金额[money]1.4 URL:/data_s/?meeduo=1&acode=eaam96Pw&memberid=EjiN0sdnt7rRrPE16cReu&eventid=mqVRbHChcqdG6YrO&sid=19905&totalpoint=2.0&immediate=2&point=1.40&title=%E4%B8%BB%E9%A2%98%E4%B9%90%E5%9B%AD%E8%B0%83%E6%9F%A5&pm1=EjiN0sdnt7rRrPE16cReu&pm2=&pm3=&stime=2026-01-02+08%3A38&etime=2026-01-02+10%3A24&sign=369378b8de8010bb27fc63efa3a7a8ed  记录时间:2026-01-02  10:24:31
	 
2026-01-02  10:25:22收到数据
数据内容:  用户ID:EmKsdnt7QbesE16hbV7   题号:eaam96Pw   状态:成功[2]   项目:主题乐园调查[eaam96Pw]   金额[money]1.4 URL:/data_s/?meeduo=1&acode=eaam96Pw&memberid=EmKsdnt7QbesE16hbV7&eventid=p6mI2t2bNwGdGc4a&sid=19905&totalpoint=2.0&immediate=2&point=1.40&title=%E4%B8%BB%E9%A2%98%E4%B9%90%E5%9B%AD%E8%B0%83%E6%9F%A5&pm1=EmKsdnt7QbesE16hbV7&pm2=&pm3=&stime=2026-01-02+08%3A38&etime=2026-01-02+10%3A25&sign=7f0d126e0c8a57734a909e2b9d53ba53  记录时间:2026-01-02  10:25:22
	 
2026-01-02  10:26:02收到数据
数据内容:  用户ID:j9BYhdnyYReE16re7   题号:eaam96Pw   状态:成功[2]   项目:主题乐园调查[eaam96Pw]   金额[money]1.4 URL:/data_s/?meeduo=1&acode=eaam96Pw&memberid=j9BYhdnyYReE16re7&eventid=r5dPWxVGfRicFUol&sid=19905&totalpoint=2.0&immediate=2&point=1.40&title=%E4%B8%BB%E9%A2%98%E4%B9%90%E5%9B%AD%E8%B0%83%E6%9F%A5&pm1=j9BYhdnyYReE16re7&pm2=&pm3=&stime=2026-01-02+08%3A58&etime=2026-01-02+10%3A26&sign=520798fdc287b005a04af0eeea3e8ac3  记录时间:2026-01-02  10:26:02
	 
2026-01-02  10:26:23收到数据
数据内容:  用户ID:SRWysdnt7fqQ9yE16xwnK   题号:eaam96Pw   状态:成功[2]   项目:主题乐园调查[eaam96Pw]   金额[money]1.4 URL:/data_s/?meeduo=1&acode=eaam96Pw&memberid=SRWysdnt7fqQ9yE16xwnK&eventid=HIuhgoc6DBPS9GVC&sid=19905&totalpoint=2.0&immediate=2&point=1.40&title=%E4%B8%BB%E9%A2%98%E4%B9%90%E5%9B%AD%E8%B0%83%E6%9F%A5&pm1=SRWysdnt7fqQ9yE16xwnK&pm2=&pm3=&stime=2026-01-02+08%3A38&etime=2026-01-02+10%3A26&sign=ec616cba410438f824301bacdf4af19e  记录时间:2026-01-02  10:26:23
	 
2026-01-02  10:26:24收到数据
数据内容:  用户ID:j9BYhdnyYReE16re7   题号:eaam96Pw   状态:成功[2]   项目:主题乐园调查[eaam96Pw]   金额[money]1.4 URL:/data_s/?meeduo=1&acode=eaam96Pw&memberid=j9BYhdnyYReE16re7&eventid=r5dPWxVGfRicFUol&sid=19905&totalpoint=2.0&immediate=2&point=1.40&title=%E4%B8%BB%E9%A2%98%E4%B9%90%E5%9B%AD%E8%B0%83%E6%9F%A5&pm1=j9BYhdnyYReE16re7&pm2=&pm3=&stime=2026-01-02+08%3A58&etime=2026-01-02+10%3A26&sign=520798fdc287b005a04af0eeea3e8ac3  记录时间:2026-01-02  10:26:24
	 
2026-01-02  10:26:47收到数据
数据内容:  用户ID:j9BYhdnyYReE16re7   题号:eaam96Pw   状态:成功[2]   项目:主题乐园调查[eaam96Pw]   金额[money]1.4 URL:/data_s/?meeduo=1&acode=eaam96Pw&memberid=j9BYhdnyYReE16re7&eventid=r5dPWxVGfRicFUol&sid=19905&totalpoint=2.0&immediate=2&point=1.40&title=%E4%B8%BB%E9%A2%98%E4%B9%90%E5%9B%AD%E8%B0%83%E6%9F%A5&pm1=j9BYhdnyYReE16re7&pm2=&pm3=&stime=2026-01-02+08%3A58&etime=2026-01-02+10%3A26&sign=520798fdc287b005a04af0eeea3e8ac3  记录时间:2026-01-02  10:26:47
	 
2026-01-02  10:27:14收到数据
数据内容:  用户ID:FkXXcsdnt7lXKE16UgB   题号:eaam96Pw   状态:成功[2]   项目:主题乐园调查[eaam96Pw]   金额[money]1.4 URL:/data_s/?meeduo=1&acode=eaam96Pw&memberid=FkXXcsdnt7lXKE16UgB&eventid=ePhN86LRv3PUa8kF&sid=19905&totalpoint=2.0&immediate=2&point=1.40&title=%E4%B8%BB%E9%A2%98%E4%B9%90%E5%9B%AD%E8%B0%83%E6%9F%A5&pm1=FkXXcsdnt7lXKE16UgB&pm2=&pm3=&stime=2026-01-02+08%3A38&etime=2026-01-02+10%3A27&sign=6f2b9106f5793bf1b64e4fce5300d063  记录时间:2026-01-02  10:27:14
	 
2026-01-02  10:28:00收到数据
数据内容:  用户ID:cWqsdnt7o4E16pr8   题号:eaam96Pw   状态:成功[2]   项目:主题乐园调查[eaam96Pw]   金额[money]1.4 URL:/data_s/?meeduo=1&acode=eaam96Pw&memberid=cWqsdnt7o4E16pr8&eventid=m1OZ7xrh8gqit3EL&sid=19905&totalpoint=2.0&immediate=2&point=1.40&title=%E4%B8%BB%E9%A2%98%E4%B9%90%E5%9B%AD%E8%B0%83%E6%9F%A5&pm1=cWqsdnt7o4E16pr8&pm2=&pm3=&stime=2026-01-02+08%3A38&etime=2026-01-02+10%3A28&sign=99e5f6ebd737c95ca00f6d09fa95248d  记录时间:2026-01-02  10:28:00
	 
2026-01-02  10:28:52收到数据
数据内容:  用户ID:ZpkCisdnt7k8ySE16PXunt   题号:eaam96Pw   状态:成功[2]   项目:主题乐园调查[eaam96Pw]   金额[money]1.4 URL:/data_s/?meeduo=1&acode=eaam96Pw&memberid=ZpkCisdnt7k8ySE16PXunt&eventid=oNvGqmssFCbFtQBg&sid=19905&totalpoint=2.0&immediate=2&point=1.40&title=%E4%B8%BB%E9%A2%98%E4%B9%90%E5%9B%AD%E8%B0%83%E6%9F%A5&pm1=ZpkCisdnt7k8ySE16PXunt&pm2=&pm3=&stime=2026-01-02+08%3A38&etime=2026-01-02+10%3A28&sign=6fa8e30dcd69ac91f047aacb15528fc7  记录时间:2026-01-02  10:28:52
	 
2026-01-02  10:29:38收到数据
数据内容:  用户ID:dRRnKsdnt7LbVv5E16jbZ4   题号:eaam96Pw   状态:成功[2]   项目:主题乐园调查[eaam96Pw]   金额[money]1.4 URL:/data_s/?meeduo=1&acode=eaam96Pw&memberid=dRRnKsdnt7LbVv5E16jbZ4&eventid=Wwg8VYtrxoO6O8aI&sid=19905&totalpoint=2.0&immediate=2&point=1.40&title=%E4%B8%BB%E9%A2%98%E4%B9%90%E5%9B%AD%E8%B0%83%E6%9F%A5&pm1=dRRnKsdnt7LbVv5E16jbZ4&pm2=&pm3=&stime=2026-01-02+08%3A38&etime=2026-01-02+10%3A29&sign=c684c6f5e27bed70567606c93122d783  记录时间:2026-01-02  10:29:38
	 
2026-01-02  10:30:00收到数据
数据内容:  用户ID:bdLOoYhdnyAdYoNE16odfYZ   题号:eaam96Pw   状态:成功[2]   项目:主题乐园调查[eaam96Pw]   金额[money]1.4 URL:/data_s/?meeduo=1&acode=eaam96Pw&memberid=bdLOoYhdnyAdYoNE16odfYZ&eventid=4aco9wy6cf4k1E5o&sid=19905&totalpoint=2.0&immediate=2&point=1.40&title=%E4%B8%BB%E9%A2%98%E4%B9%90%E5%9B%AD%E8%B0%83%E6%9F%A5&pm1=bdLOoYhdnyAdYoNE16odfYZ&pm2=&pm3=&stime=2026-01-02+08%3A58&etime=2026-01-02+10%3A30&sign=83df9f9ae9dd53bb91ab927a87a06f0f  记录时间:2026-01-02  10:30:00
	 
2026-01-02  10:30:47收到数据
数据内容:  用户ID:p5Vsdnt7vbKvE16XZ0   题号:eaam96Pw   状态:成功[2]   项目:主题乐园调查[eaam96Pw]   金额[money]1.4 URL:/data_s/?meeduo=1&acode=eaam96Pw&memberid=p5Vsdnt7vbKvE16XZ0&eventid=zNahyWFOgutgAAqh&sid=19905&totalpoint=2.0&immediate=2&point=1.40&title=%E4%B8%BB%E9%A2%98%E4%B9%90%E5%9B%AD%E8%B0%83%E6%9F%A5&pm1=p5Vsdnt7vbKvE16XZ0&pm2=&pm3=&stime=2026-01-02+08%3A38&etime=2026-01-02+10%3A30&sign=49da06780f9a13a7d188eb04aea04d53  记录时间:2026-01-02  10:30:47
	 
2026-01-02  10:30:56收到数据
数据内容:  用户ID:DOvYhdnyjY7E16bde6   题号:eaam96Pw   状态:成功[2]   项目:主题乐园调查[eaam96Pw]   金额[money]1.4 URL:/data_s/?meeduo=1&acode=eaam96Pw&memberid=DOvYhdnyjY7E16bde6&eventid=DA4xzC78Q2AaF9rt&sid=19905&totalpoint=2.0&immediate=2&point=1.40&title=%E4%B8%BB%E9%A2%98%E4%B9%90%E5%9B%AD%E8%B0%83%E6%9F%A5&pm1=DOvYhdnyjY7E16bde6&pm2=&pm3=&stime=2026-01-02+08%3A58&etime=2026-01-02+10%3A30&sign=ccb58932184ec6aa0de229beb068995f  记录时间:2026-01-02  10:30:56
	 
2026-01-02  10:31:34收到数据
数据内容:  用户ID:xlkQsdnt7Il5BEE16ysxgO   题号:eaam96Pw   状态:成功[2]   项目:主题乐园调查[eaam96Pw]   金额[money]1.4 URL:/data_s/?meeduo=1&acode=eaam96Pw&memberid=xlkQsdnt7Il5BEE16ysxgO&eventid=QbQegg5MzD1xIvoS&sid=19905&totalpoint=2.0&immediate=2&point=1.40&title=%E4%B8%BB%E9%A2%98%E4%B9%90%E5%9B%AD%E8%B0%83%E6%9F%A5&pm1=xlkQsdnt7Il5BEE16ysxgO&pm2=&pm3=&stime=2026-01-02+08%3A38&etime=2026-01-02+10%3A31&sign=d4402f21d125233a3b819c298a9fa986  记录时间:2026-01-02  10:31:34
	 
2026-01-02  10:31:47收到数据
数据内容:  用户ID:dp0AYhdnyMbNKaVE16kkB   题号:eaam96Pw   状态:成功[2]   项目:主题乐园调查[eaam96Pw]   金额[money]1.4 URL:/data_s/?meeduo=1&acode=eaam96Pw&memberid=dp0AYhdnyMbNKaVE16kkB&eventid=MZTvST5nvABYQrkX&sid=19905&totalpoint=2.0&immediate=2&point=1.40&title=%E4%B8%BB%E9%A2%98%E4%B9%90%E5%9B%AD%E8%B0%83%E6%9F%A5&pm1=dp0AYhdnyMbNKaVE16kkB&pm2=&pm3=&stime=2026-01-02+08%3A58&etime=2026-01-02+10%3A31&sign=8acdbfe54bab67b49e1eab0f4e1659f7  记录时间:2026-01-02  10:31:47
	 
2026-01-02  10:32:22收到数据
数据内容:  用户ID:lYysdnt7JsPE16ooe   题号:eaam96Pw   状态:成功[2]   项目:主题乐园调查[eaam96Pw]   金额[money]1.4 URL:/data_s/?meeduo=1&acode=eaam96Pw&memberid=lYysdnt7JsPE16ooe&eventid=Pqkn9M4mTYgoQ7rb&sid=19905&totalpoint=2.0&immediate=2&point=1.40&title=%E4%B8%BB%E9%A2%98%E4%B9%90%E5%9B%AD%E8%B0%83%E6%9F%A5&pm1=lYysdnt7JsPE16ooe&pm2=&pm3=&stime=2026-01-02+08%3A38&etime=2026-01-02+10%3A32&sign=116f6ead26d66cfbca27494c7f11484c  记录时间:2026-01-02  10:32:22
	 
2026-01-02  10:32:36收到数据
数据内容:  用户ID:hvqZ7Yhdnyfkb0lOE16lPU   题号:eaam96Pw   状态:成功[2]   项目:主题乐园调查[eaam96Pw]   金额[money]1.4 URL:/data_s/?meeduo=1&acode=eaam96Pw&memberid=hvqZ7Yhdnyfkb0lOE16lPU&eventid=Pu8cLsoT6wBNhoSH&sid=19905&totalpoint=2.0&immediate=2&point=1.40&title=%E4%B8%BB%E9%A2%98%E4%B9%90%E5%9B%AD%E8%B0%83%E6%9F%A5&pm1=hvqZ7Yhdnyfkb0lOE16lPU&pm2=&pm3=&stime=2026-01-02+08%3A58&etime=2026-01-02+10%3A32&sign=a3c3136f7bd8dbad4a0db807a41fdc89  记录时间:2026-01-02  10:32:36
	 
2026-01-02  10:32:37收到数据
数据内容:  用户ID:j9BYhdnyYReE16re7   题号:eaam96Pw   状态:成功[2]   项目:主题乐园调查[eaam96Pw]   金额[money]1.4 URL:/data_s/?meeduo=1&acode=eaam96Pw&memberid=j9BYhdnyYReE16re7&eventid=r5dPWxVGfRicFUol&sid=19905&totalpoint=2.0&immediate=2&point=1.40&title=%E4%B8%BB%E9%A2%98%E4%B9%90%E5%9B%AD%E8%B0%83%E6%9F%A5&pm1=j9BYhdnyYReE16re7&pm2=&pm3=&stime=2026-01-02+08%3A58&etime=2026-01-02+10%3A26&sign=520798fdc287b005a04af0eeea3e8ac3  记录时间:2026-01-02  10:32:37
	 
2026-01-02  10:33:07收到数据
数据内容:  用户ID:xPmtAsdnt7IEwxpE16yRs5y   题号:eaam96Pw   状态:成功[2]   项目:主题乐园调查[eaam96Pw]   金额[money]1.4 URL:/data_s/?meeduo=1&acode=eaam96Pw&memberid=xPmtAsdnt7IEwxpE16yRs5y&eventid=s3FHFuDwhAMXRLoF&sid=19905&totalpoint=2.0&immediate=2&point=1.40&title=%E4%B8%BB%E9%A2%98%E4%B9%90%E5%9B%AD%E8%B0%83%E6%9F%A5&pm1=xPmtAsdnt7IEwxpE16yRs5y&pm2=&pm3=&stime=2026-01-02+08%3A38&etime=2026-01-02+10%3A33&sign=53bc996628125a79e6decb38b7c7a9e2  记录时间:2026-01-02  10:33:07
	 
2026-01-02  10:33:26收到数据
数据内容:  用户ID:JpkBYhdnyabdx7E16EbZF   题号:eaam96Pw   状态:成功[2]   项目:主题乐园调查[eaam96Pw]   金额[money]1.4 URL:/data_s/?meeduo=1&acode=eaam96Pw&memberid=JpkBYhdnyabdx7E16EbZF&eventid=OKsdmbFprVQEUmIp&sid=19905&totalpoint=2.0&immediate=2&point=1.40&title=%E4%B8%BB%E9%A2%98%E4%B9%90%E5%9B%AD%E8%B0%83%E6%9F%A5&pm1=JpkBYhdnyabdx7E16EbZF&pm2=&pm3=&stime=2026-01-02+08%3A58&etime=2026-01-02+10%3A33&sign=5b1320e23e30fa4e1128c4e1e327465a  记录时间:2026-01-02  10:33:26
	 
2026-01-02  10:33:58收到数据
数据内容:  用户ID:nGCasdnt7eGZ5iE16pHh84   题号:eaam96Pw   状态:成功[2]   项目:主题乐园调查[eaam96Pw]   金额[money]1.4 URL:/data_s/?meeduo=1&acode=eaam96Pw&memberid=nGCasdnt7eGZ5iE16pHh84&eventid=76Wfdp3tBVgq4WmG&sid=19905&totalpoint=2.0&immediate=2&point=1.40&title=%E4%B8%BB%E9%A2%98%E4%B9%90%E5%9B%AD%E8%B0%83%E6%9F%A5&pm1=nGCasdnt7eGZ5iE16pHh84&pm2=&pm3=&stime=2026-01-02+08%3A38&etime=2026-01-02+10%3A33&sign=f9c75608cdacf74599b35026b5f1b3e6  记录时间:2026-01-02  10:33:58
	 
2026-01-02  10:34:15收到数据
数据内容:  用户ID:HtaWYhdnyfnG6oE16YnFC   题号:eaam96Pw   状态:成功[2]   项目:主题乐园调查[eaam96Pw]   金额[money]1.4 URL:/data_s/?meeduo=1&acode=eaam96Pw&memberid=HtaWYhdnyfnG6oE16YnFC&eventid=xpLGabd2xYxBXGuw&sid=19905&totalpoint=2.0&immediate=2&point=1.40&title=%E4%B8%BB%E9%A2%98%E4%B9%90%E5%9B%AD%E8%B0%83%E6%9F%A5&pm1=HtaWYhdnyfnG6oE16YnFC&pm2=&pm3=&stime=2026-01-02+08%3A58&etime=2026-01-02+10%3A34&sign=ee538b364d350ef86ee888c4aa7d2b98  记录时间:2026-01-02  10:34:15
	 
2026-01-02  10:34:45收到数据
数据内容:  用户ID:Pjnsdnt7fgCE16xlSU   题号:eaam96Pw   状态:成功[2]   项目:主题乐园调查[eaam96Pw]   金额[money]1.4 URL:/data_s/?meeduo=1&acode=eaam96Pw&memberid=Pjnsdnt7fgCE16xlSU&eventid=NYSUg76dPqXk5lLX&sid=19905&totalpoint=2.0&immediate=2&point=1.40&title=%E4%B8%BB%E9%A2%98%E4%B9%90%E5%9B%AD%E8%B0%83%E6%9F%A5&pm1=Pjnsdnt7fgCE16xlSU&pm2=&pm3=&stime=2026-01-02+08%3A38&etime=2026-01-02+10%3A34&sign=e4491bed4a771577a57c30e97a2c4bc6  记录时间:2026-01-02  10:34:45
	 
2026-01-02  10:35:11收到数据
数据内容:  用户ID:yl0jYhdnyllSFlE16JsBoo   题号:eaam96Pw   状态:成功[2]   项目:主题乐园调查[eaam96Pw]   金额[money]1.4 URL:/data_s/?meeduo=1&acode=eaam96Pw&memberid=yl0jYhdnyllSFlE16JsBoo&eventid=fNtu5t9OIfU6PyWM&sid=19905&totalpoint=2.0&immediate=2&point=1.40&title=%E4%B8%BB%E9%A2%98%E4%B9%90%E5%9B%AD%E8%B0%83%E6%9F%A5&pm1=yl0jYhdnyllSFlE16JsBoo&pm2=&pm3=&stime=2026-01-02+08%3A58&etime=2026-01-02+10%3A35&sign=7b949102e2869102537b52c3c455dc4a  记录时间:2026-01-02  10:35:11
	 
2026-01-02  10:36:30收到数据
数据内容:  用户ID:tgrCsdnt7EuriRE16XuU7   题号:eaam96Pw   状态:成功[2]   项目:主题乐园调查[eaam96Pw]   金额[money]1.4 URL:/data_s/?meeduo=1&acode=eaam96Pw&memberid=tgrCsdnt7EuriRE16XuU7&eventid=1D7A4oLm2ClsYbb6&sid=19905&totalpoint=2.0&immediate=2&point=1.40&title=%E4%B8%BB%E9%A2%98%E4%B9%90%E5%9B%AD%E8%B0%83%E6%9F%A5&pm1=tgrCsdnt7EuriRE16XuU7&pm2=&pm3=&stime=2026-01-02+08%3A38&etime=2026-01-02+10%3A36&sign=46ae5a5f50d99b5b1a9502c8864969a7  记录时间:2026-01-02  10:36:30
	 
2026-01-02  10:37:17收到数据
数据内容:  用户ID:yxmlYhdnyWyE16Z76   题号:eaam96Pw   状态:成功[2]   项目:主题乐园调查[eaam96Pw]   金额[money]1.4 URL:/data_s/?meeduo=1&acode=eaam96Pw&memberid=yxmlYhdnyWyE16Z76&eventid=1fYQd3ZwKa61zhY4&sid=19905&totalpoint=2.0&immediate=2&point=1.40&title=%E4%B8%BB%E9%A2%98%E4%B9%90%E5%9B%AD%E8%B0%83%E6%9F%A5&pm1=yxmlYhdnyWyE16Z76&pm2=&pm3=&stime=2026-01-02+08%3A58&etime=2026-01-02+10%3A37&sign=3152d4d3931d7f729ca4a3c5659befc2  记录时间:2026-01-02  10:37:17
	 
2026-01-02  10:37:40收到数据
数据内容:  用户ID:JSVDsdnt7ssmiE16YuZ   题号:eaam96Pw   状态:成功[2]   项目:主题乐园调查[eaam96Pw]   金额[money]1.4 URL:/data_s/?meeduo=1&acode=eaam96Pw&memberid=JSVDsdnt7ssmiE16YuZ&eventid=lGYeCcSEAzCFcExN&sid=19905&totalpoint=2.0&immediate=2&point=1.40&title=%E4%B8%BB%E9%A2%98%E4%B9%90%E5%9B%AD%E8%B0%83%E6%9F%A5&pm1=JSVDsdnt7ssmiE16YuZ&pm2=&pm3=&stime=2026-01-02+08%3A38&etime=2026-01-02+10%3A37&sign=a1fc0b1ab675b48007c628f569119b19  记录时间:2026-01-02  10:37:40
	 
2026-01-02  10:38:34收到数据
数据内容:  用户ID:LbzqOsdnt7bdE16K70   题号:eaam96Pw   状态:成功[2]   项目:主题乐园调查[eaam96Pw]   金额[money]1.4 URL:/data_s/?meeduo=1&acode=eaam96Pw&memberid=LbzqOsdnt7bdE16K70&eventid=OUiiFaiyMC2KM2lY&sid=19905&totalpoint=2.0&immediate=2&point=1.40&title=%E4%B8%BB%E9%A2%98%E4%B9%90%E5%9B%AD%E8%B0%83%E6%9F%A5&pm1=LbzqOsdnt7bdE16K70&pm2=&pm3=&stime=2026-01-02+08%3A38&etime=2026-01-02+10%3A38&sign=ff675a86b2c8cdac4270126626120d59  记录时间:2026-01-02  10:38:34
	 
2026-01-02  10:39:30收到数据
数据内容:  用户ID:dB6sdnt7nPuEE16BWb   题号:eaam96Pw   状态:成功[2]   项目:主题乐园调查[eaam96Pw]   金额[money]1.4 URL:/data_s/?meeduo=1&acode=eaam96Pw&memberid=dB6sdnt7nPuEE16BWb&eventid=zphYDwlFcf43GtuA&sid=19905&totalpoint=2.0&immediate=2&point=1.40&title=%E4%B8%BB%E9%A2%98%E4%B9%90%E5%9B%AD%E8%B0%83%E6%9F%A5&pm1=dB6sdnt7nPuEE16BWb&pm2=&pm3=&stime=2026-01-02+08%3A38&etime=2026-01-02+10%3A39&sign=259fbc4ee7ef967f340828ce3853b184  记录时间:2026-01-02  10:39:30
	 
2026-01-02  11:09:57收到数据
数据内容:  用户ID:j9BYhdnyYReE16re7   题号:eaam96Pw   状态:成功[2]   项目:主题乐园调查[eaam96Pw]   金额[money]1.4 URL:/data_s/?meeduo=1&acode=eaam96Pw&memberid=j9BYhdnyYReE16re7&eventid=r5dPWxVGfRicFUol&sid=19905&totalpoint=2.0&immediate=2&point=1.40&title=%E4%B8%BB%E9%A2%98%E4%B9%90%E5%9B%AD%E8%B0%83%E6%9F%A5&pm1=j9BYhdnyYReE16re7&pm2=&pm3=&stime=2026-01-02+08%3A58&etime=2026-01-02+10%3A26&sign=520798fdc287b005a04af0eeea3e8ac3  记录时间:2026-01-02  11:09:57
	 
2026-01-02  11:12:30收到数据
数据内容:  用户ID:j9BYhdnyYReE16re7   题号:eaam96Pw   状态:成功[2]   项目:主题乐园调查[eaam96Pw]   金额[money]1.4 URL:/data_s/?meeduo=1&acode=eaam96Pw&memberid=j9BYhdnyYReE16re7&eventid=r5dPWxVGfRicFUol&sid=19905&totalpoint=2.0&immediate=2&point=1.40&title=%E4%B8%BB%E9%A2%98%E4%B9%90%E5%9B%AD%E8%B0%83%E6%9F%A5&pm1=j9BYhdnyYReE16re7&pm2=&pm3=&stime=2026-01-02+08%3A58&etime=2026-01-02+10%3A26&sign=520798fdc287b005a04af0eeea3e8ac3  记录时间:2026-01-02  11:12:30
	 
2026-01-02  11:12:37收到数据
数据内容:  用户ID:j9BYhdnyYReE16re7   题号:eaam96Pw   状态:成功[2]   项目:主题乐园调查[eaam96Pw]   金额[money]1.4 URL:/data_s/?meeduo=1&acode=eaam96Pw&memberid=j9BYhdnyYReE16re7&eventid=r5dPWxVGfRicFUol&sid=19905&totalpoint=2.0&immediate=2&point=1.40&title=%E4%B8%BB%E9%A2%98%E4%B9%90%E5%9B%AD%E8%B0%83%E6%9F%A5&pm1=j9BYhdnyYReE16re7&pm2=&pm3=&stime=2026-01-02+08%3A58&etime=2026-01-02+10%3A26&sign=520798fdc287b005a04af0eeea3e8ac3  记录时间:2026-01-02  11:12:37
	 
2026-01-02  11:18:48收到数据
数据内容:  用户ID:j9BYhdnyYReE16re7   题号:eaam96Pw   状态:成功[2]   项目:主题乐园调查[eaam96Pw]   金额[money]1.4 URL:/data_s/?meeduo=1&acode=eaam96Pw&memberid=j9BYhdnyYReE16re7&eventid=r5dPWxVGfRicFUol&sid=19905&totalpoint=2.0&immediate=2&point=1.40&title=%E4%B8%BB%E9%A2%98%E4%B9%90%E5%9B%AD%E8%B0%83%E6%9F%A5&pm1=j9BYhdnyYReE16re7&pm2=&pm3=&stime=2026-01-02+08%3A58&etime=2026-01-02+10%3A26&sign=520798fdc287b005a04af0eeea3e8ac3  记录时间:2026-01-02  11:18:48
	 
2026-01-02  11:20:16收到数据
数据内容:  用户ID:j9BYhdnyYReE16re7   题号:eaam96Pw   状态:成功[2]   项目:主题乐园调查[eaam96Pw]   金额[money]1.4 URL:/data_s/?meeduo=1&acode=eaam96Pw&memberid=j9BYhdnyYReE16re7&eventid=r5dPWxVGfRicFUol&sid=19905&totalpoint=2.0&immediate=2&point=1.40&title=%E4%B8%BB%E9%A2%98%E4%B9%90%E5%9B%AD%E8%B0%83%E6%9F%A5&pm1=j9BYhdnyYReE16re7&pm2=&pm3=&stime=2026-01-02+08%3A58&etime=2026-01-02+10%3A26&sign=520798fdc287b005a04af0eeea3e8ac3  记录时间:2026-01-02  11:20:16
	 
2026-01-02  11:20:45收到数据
数据内容:  用户ID:j9BYhdnyYReE16re7   题号:eaam96Pw   状态:成功[2]   项目:主题乐园调查[eaam96Pw]   金额[money]1.4 URL:/data_s/?meeduo=1&acode=eaam96Pw&memberid=j9BYhdnyYReE16re7&eventid=r5dPWxVGfRicFUol&sid=19905&totalpoint=2.0&immediate=2&point=1.40&title=%E4%B8%BB%E9%A2%98%E4%B9%90%E5%9B%AD%E8%B0%83%E6%9F%A5&pm1=j9BYhdnyYReE16re7&pm2=&pm3=&stime=2026-01-02+08%3A58&etime=2026-01-02+10%3A26&sign=520798fdc287b005a04af0eeea3e8ac3  记录时间:2026-01-02  11:20:45
	 
2026-01-02  11:24:21收到数据
数据内容:  用户ID:j9BYhdnyYReE16re7   题号:eaam96Pw   状态:成功[2]   项目:主题乐园调查[eaam96Pw]   金额[money]1.4 URL:/data_s/?meeduo=1&acode=eaam96Pw&memberid=j9BYhdnyYReE16re7&eventid=r5dPWxVGfRicFUol&sid=19905&totalpoint=2.0&immediate=2&point=1.40&title=%E4%B8%BB%E9%A2%98%E4%B9%90%E5%9B%AD%E8%B0%83%E6%9F%A5&pm1=j9BYhdnyYReE16re7&pm2=&pm3=&stime=2026-01-02+08%3A58&etime=2026-01-02+10%3A26&sign=520798fdc287b005a04af0eeea3e8ac3  记录时间:2026-01-02  11:24:21
	 
2026-01-02  11:24:34收到数据
数据内容:  用户ID:j9BYhdnyYReE16re7   题号:eaam96Pw   状态:成功[2]   项目:主题乐园调查[eaam96Pw]   金额[money]1.4 URL:/data_s/?meeduo=1&acode=eaam96Pw&memberid=j9BYhdnyYReE16re7&eventid=r5dPWxVGfRicFUol&sid=19905&totalpoint=2.0&immediate=2&point=1.40&title=%E4%B8%BB%E9%A2%98%E4%B9%90%E5%9B%AD%E8%B0%83%E6%9F%A5&pm1=j9BYhdnyYReE16re7&pm2=&pm3=&stime=2026-01-02+08%3A58&etime=2026-01-02+10%3A26&sign=520798fdc287b005a04af0eeea3e8ac3  记录时间:2026-01-02  11:24:34
	 
2026-01-02  11:24:38收到数据
数据内容:  用户ID:j9BYhdnyYReE16re7   题号:eaam96Pw   状态:成功[2]   项目:主题乐园调查[eaam96Pw]   金额[money]1.4 URL:/data_s/?meeduo=1&acode=eaam96Pw&memberid=j9BYhdnyYReE16re7&eventid=r5dPWxVGfRicFUol&sid=19905&totalpoint=2.0&immediate=2&point=1.40&title=%E4%B8%BB%E9%A2%98%E4%B9%90%E5%9B%AD%E8%B0%83%E6%9F%A5&pm1=j9BYhdnyYReE16re7&pm2=&pm3=&stime=2026-01-02+08%3A58&etime=2026-01-02+10%3A26&sign=520798fdc287b005a04af0eeea3e8ac3  记录时间:2026-01-02  11:24:38
	 
2026-01-02  11:26:00收到数据
数据内容:  用户ID:j9BYhdnyYReE16re7   题号:eaam96Pw   状态:成功[2]   项目:主题乐园调查[eaam96Pw]   金额[money]1.4 URL:/data_s/?meeduo=1&acode=eaam96Pw&memberid=j9BYhdnyYReE16re7&eventid=r5dPWxVGfRicFUol&sid=19905&totalpoint=2.0&immediate=2&point=1.40&title=%E4%B8%BB%E9%A2%98%E4%B9%90%E5%9B%AD%E8%B0%83%E6%9F%A5&pm1=j9BYhdnyYReE16re7&pm2=&pm3=&stime=2026-01-02+08%3A58&etime=2026-01-02+10%3A26&sign=520798fdc287b005a04af0eeea3e8ac3  记录时间:2026-01-02  11:26:00
	 
2026-01-02  11:34:11收到数据
数据内容:  用户ID:fhqfJYhdnyGMytE16hmkS9   题号:wYgQ4o2v   状态:成功[2]   项目:cW7aiCla[wYgQ4o2v]   金额[money]1.4 URL:/data_s/?meeduo=1&acode=wYgQ4o2v&memberid=fhqfJYhdnyGMytE16hmkS9&eventid=oD13OP1LSicZl4E3&sid=19905&totalpoint=2.0&immediate=2&point=1.40&title=cW7aiCla&pm1=fhqfJYhdnyGMytE16hmkS9&pm2=&pm3=&stime=2026-01-02+10%3A46&etime=2026-01-02+11%3A34&sign=58d5cd1e5a9eca64a818de579fe91a75  记录时间:2026-01-02  11:34:11
	 
2026-01-02  11:43:17收到数据
数据内容:  用户ID:j9BYhdnyYReE16re7   题号:eaam96Pw   状态:成功[2]   项目:主题乐园调查[eaam96Pw]   金额[money]1.4 URL:/data_s/?meeduo=1&acode=eaam96Pw&memberid=j9BYhdnyYReE16re7&eventid=r5dPWxVGfRicFUol&sid=19905&totalpoint=2.0&immediate=2&point=1.40&title=%E4%B8%BB%E9%A2%98%E4%B9%90%E5%9B%AD%E8%B0%83%E6%9F%A5&pm1=j9BYhdnyYReE16re7&pm2=&pm3=&stime=2026-01-02+08%3A58&etime=2026-01-02+10%3A26&sign=520798fdc287b005a04af0eeea3e8ac3  记录时间:2026-01-02  11:43:17
	 
2026-01-02  11:43:26收到数据
数据内容:  用户ID:j9BYhdnyYReE16re7   题号:eaam96Pw   状态:成功[2]   项目:主题乐园调查[eaam96Pw]   金额[money]1.4 URL:/data_s/?meeduo=1&acode=eaam96Pw&memberid=j9BYhdnyYReE16re7&eventid=r5dPWxVGfRicFUol&sid=19905&totalpoint=2.0&immediate=2&point=1.40&title=%E4%B8%BB%E9%A2%98%E4%B9%90%E5%9B%AD%E8%B0%83%E6%9F%A5&pm1=j9BYhdnyYReE16re7&pm2=&pm3=&stime=2026-01-02+08%3A58&etime=2026-01-02+10%3A26&sign=520798fdc287b005a04af0eeea3e8ac3  记录时间:2026-01-02  11:43:26
	 
2026-01-02  11:47:31收到数据
数据内容:  用户ID:j9BYhdnyYReE16re7   题号:eaam96Pw   状态:成功[2]   项目:主题乐园调查[eaam96Pw]   金额[money]1.4 URL:/data_s/?meeduo=1&acode=eaam96Pw&memberid=j9BYhdnyYReE16re7&eventid=r5dPWxVGfRicFUol&sid=19905&totalpoint=2.0&immediate=2&point=1.40&title=%E4%B8%BB%E9%A2%98%E4%B9%90%E5%9B%AD%E8%B0%83%E6%9F%A5&pm1=j9BYhdnyYReE16re7&pm2=&pm3=&stime=2026-01-02+08%3A58&etime=2026-01-02+10%3A26&sign=520798fdc287b005a04af0eeea3e8ac3  记录时间:2026-01-02  11:47:31
	 
2026-01-02  11:47:52收到数据
数据内容:  用户ID:j9BYhdnyYReE16re7   题号:eaam96Pw   状态:成功[2]   项目:主题乐园调查[eaam96Pw]   金额[money]1.4 URL:/data_s/?meeduo=1&acode=eaam96Pw&memberid=j9BYhdnyYReE16re7&eventid=r5dPWxVGfRicFUol&sid=19905&totalpoint=2.0&immediate=2&point=1.40&title=%E4%B8%BB%E9%A2%98%E4%B9%90%E5%9B%AD%E8%B0%83%E6%9F%A5&pm1=j9BYhdnyYReE16re7&pm2=&pm3=&stime=2026-01-02+08%3A58&etime=2026-01-02+10%3A26&sign=520798fdc287b005a04af0eeea3e8ac3  记录时间:2026-01-02  11:47:52
	 
2026-01-02  11:53:52收到数据
数据内容:  用户ID:OzG66YhdnydzL8E16zes   题号:wYgQ4o2v   状态:成功[2]   项目:cW7aiCla[wYgQ4o2v]   金额[money]1.4 URL:/data_s/?meeduo=1&acode=wYgQ4o2v&memberid=OzG66YhdnydzL8E16zes&eventid=DzOkSWAFsXM8vPmU&sid=19905&totalpoint=2.0&immediate=2&point=1.40&title=cW7aiCla&pm1=OzG66YhdnydzL8E16zes&pm2=&pm3=&stime=2026-01-02+10%3A46&etime=2026-01-02+11%3A53&sign=9e9271df46841f5ac89dba0c1da12ea3  记录时间:2026-01-02  11:53:52
	 
2026-01-02  11:54:46收到数据
数据内容:  用户ID:OvdzuYhdnycx7IE16vxVz   题号:wYgQ4o2v   状态:成功[2]   项目:cW7aiCla[wYgQ4o2v]   金额[money]1.4 URL:/data_s/?meeduo=1&acode=wYgQ4o2v&memberid=OvdzuYhdnycx7IE16vxVz&eventid=WuOv9iUgGfgRm4K9&sid=19905&totalpoint=2.0&immediate=2&point=1.40&title=cW7aiCla&pm1=OvdzuYhdnycx7IE16vxVz&pm2=&pm3=&stime=2026-01-02+10%3A46&etime=2026-01-02+11%3A54&sign=60f5ac086965ee3d66c56129ab46281c  记录时间:2026-01-02  11:54:46
	 
2026-01-02  11:56:06收到数据
数据内容:  用户ID:XOzYhdnylgkhE16KW6   题号:wYgQ4o2v   状态:成功[2]   项目:cW7aiCla[wYgQ4o2v]   金额[money]1.4 URL:/data_s/?meeduo=1&acode=wYgQ4o2v&memberid=XOzYhdnylgkhE16KW6&eventid=4UgqwflyONbiwrPt&sid=19905&totalpoint=2.0&immediate=2&point=1.40&title=cW7aiCla&pm1=XOzYhdnylgkhE16KW6&pm2=&pm3=&stime=2026-01-02+10%3A46&etime=2026-01-02+11%3A56&sign=d6f0d84f5e8dfdc139b363a08c40c4d7  记录时间:2026-01-02  11:56:06
	 
2026-01-02  11:56:56收到数据
数据内容:  用户ID:KjNuYhdnySgveE16pZF   题号:wYgQ4o2v   状态:成功[2]   项目:cW7aiCla[wYgQ4o2v]   金额[money]1.4 URL:/data_s/?meeduo=1&acode=wYgQ4o2v&memberid=KjNuYhdnySgveE16pZF&eventid=lgElUgRVACCSNiSV&sid=19905&totalpoint=2.0&immediate=2&point=1.40&title=cW7aiCla&pm1=KjNuYhdnySgveE16pZF&pm2=&pm3=&stime=2026-01-02+10%3A46&etime=2026-01-02+11%3A56&sign=82fae6ea5103e32fe0f5cada1dbc4fb9  记录时间:2026-01-02  11:56:56
	 
2026-01-02  11:58:01收到数据
数据内容:  用户ID:dV9YhdnypivXE16IiNkU   题号:wYgQ4o2v   状态:成功[2]   项目:cW7aiCla[wYgQ4o2v]   金额[money]1.4 URL:/data_s/?meeduo=1&acode=wYgQ4o2v&memberid=dV9YhdnypivXE16IiNkU&eventid=nh9VGsToVRqY3cYa&sid=19905&totalpoint=2.0&immediate=2&point=1.40&title=cW7aiCla&pm1=dV9YhdnypivXE16IiNkU&pm2=&pm3=&stime=2026-01-02+10%3A46&etime=2026-01-02+11%3A58&sign=80359a219374e72f2a47251117fcfdc5  记录时间:2026-01-02  11:58:01
	 
2026-01-02  11:58:54收到数据
数据内容:  用户ID:n9IYhdnyXgK9E16dnjX   题号:wYgQ4o2v   状态:成功[2]   项目:cW7aiCla[wYgQ4o2v]   金额[money]1.4 URL:/data_s/?meeduo=1&acode=wYgQ4o2v&memberid=n9IYhdnyXgK9E16dnjX&eventid=nmGzImYTfgXgFCqu&sid=19905&totalpoint=2.0&immediate=2&point=1.40&title=cW7aiCla&pm1=n9IYhdnyXgK9E16dnjX&pm2=&pm3=&stime=2026-01-02+10%3A46&etime=2026-01-02+11%3A58&sign=fe2b0bea34fa23cfd38464a74dcde087  记录时间:2026-01-02  11:58:54
	 
2026-01-02  11:59:59收到数据
数据内容:  用户ID:cWqsdnt7o4E16pr8   题号:eaam96Pw   状态:成功[2]   项目:主题乐园调查[eaam96Pw]   金额[money]1.4 URL:/data_s/?meeduo=1&acode=eaam96Pw&memberid=cWqsdnt7o4E16pr8&eventid=m1OZ7xrh8gqit3EL&sid=19905&totalpoint=2.0&immediate=2&point=1.40&title=%E4%B8%BB%E9%A2%98%E4%B9%90%E5%9B%AD%E8%B0%83%E6%9F%A5&pm1=cWqsdnt7o4E16pr8&pm2=&pm3=&stime=2026-01-02+08%3A38&etime=2026-01-02+10%3A28&sign=99e5f6ebd737c95ca00f6d09fa95248d  记录时间:2026-01-02  11:59:59
	 
2026-01-02  12:00:45收到数据
数据内容:  用户ID:j9BYhdnyYReE16re7   题号:eaam96Pw   状态:成功[2]   项目:主题乐园调查[eaam96Pw]   金额[money]1.4 URL:/data_s/?meeduo=1&acode=eaam96Pw&memberid=j9BYhdnyYReE16re7&eventid=r5dPWxVGfRicFUol&sid=19905&totalpoint=2.0&immediate=2&point=1.40&title=%E4%B8%BB%E9%A2%98%E4%B9%90%E5%9B%AD%E8%B0%83%E6%9F%A5&pm1=j9BYhdnyYReE16re7&pm2=&pm3=&stime=2026-01-02+08:58&etime=2026-01-02+10:26&sign=520798fdc287b005a04af0eeea3e8ac3  记录时间:2026-01-02  12:00:45
	 
2026-01-02  12:01:40收到数据
数据内容:  用户ID:cWqsdnt7o4E16pr8   题号:eaam96Pw   状态:成功[2]   项目:主题乐园调查[eaam96Pw]   金额[money]1.4 URL:/data_s/?meeduo=1&acode=eaam96Pw&memberid=cWqsdnt7o4E16pr8&eventid=m1OZ7xrh8gqit3EL&sid=19905&totalpoint=2.0&immediate=2&point=1.40&title=%E4%B8%BB%E9%A2%98%E4%B9%90%E5%9B%AD%E8%B0%83%E6%9F%A5&pm1=cWqsdnt7o4E16pr8&pm2=&pm3=&stime=2026-01-02+08%3A38&etime=2026-01-02+10%3A28&sign=99e5f6ebd737c95ca00f6d09fa95248d  记录时间:2026-01-02  12:01:40
	 
2026-01-02  12:01:42收到数据
数据内容:  用户ID:cWqsdnt7o4E16pr8   题号:eaam96Pw   状态:成功[2]   项目:主题乐园调查[eaam96Pw]   金额[money]1.4 URL:/data_s/?meeduo=1&acode=eaam96Pw&memberid=cWqsdnt7o4E16pr8&eventid=m1OZ7xrh8gqit3EL&sid=19905&totalpoint=2.0&immediate=2&point=1.40&title=%E4%B8%BB%E9%A2%98%E4%B9%90%E5%9B%AD%E8%B0%83%E6%9F%A5&pm1=cWqsdnt7o4E16pr8&pm2=&pm3=&stime=2026-01-02+08%3A38&etime=2026-01-02+10%3A28&sign=99e5f6ebd737c95ca00f6d09fa95248d  记录时间:2026-01-02  12:01:42
	 
2026-01-02  12:01:52收到数据
数据内容:  用户ID:cWqsdnt7o4E16pr8   题号:eaam96Pw   状态:成功[2]   项目:主题乐园调查[eaam96Pw]   金额[money]1.4 URL:/data_s/?meeduo=1&acode=eaam96Pw&memberid=cWqsdnt7o4E16pr8&eventid=m1OZ7xrh8gqit3EL&sid=19905&totalpoint=2.0&immediate=2&point=1.40&title=%E4%B8%BB%E9%A2%98%E4%B9%90%E5%9B%AD%E8%B0%83%E6%9F%A5&pm1=cWqsdnt7o4E16pr8&pm2=&pm3=&stime=2026-01-02+08%3A38&etime=2026-01-02+10%3A28&sign=99e5f6ebd737c95ca00f6d09fa95248d  记录时间:2026-01-02  12:01:52
	 
2026-01-02  12:02:19收到数据
数据内容:  用户ID:cWqsdnt7o4E16pr8   题号:eaam96Pw   状态:成功[2]   项目:主题乐园调查[eaam96Pw]   金额[money]1.4 URL:/data_s/?meeduo=1&acode=eaam96Pw&memberid=cWqsdnt7o4E16pr8&eventid=m1OZ7xrh8gqit3EL&sid=19905&totalpoint=2.0&immediate=2&point=1.40&title=%E4%B8%BB%E9%A2%98%E4%B9%90%E5%9B%AD%E8%B0%83%E6%9F%A5&pm1=cWqsdnt7o4E16pr8&pm2=&pm3=&stime=2026-01-02+08%3A38&etime=2026-01-02+10%3A28&sign=99e5f6ebd737c95ca00f6d09fa95248d  记录时间:2026-01-02  12:02:19
	 
2026-01-02  12:02:22收到数据
数据内容:  用户ID:cWqsdnt7o4E16pr8   题号:eaam96Pw   状态:成功[2]   项目:主题乐园调查[eaam96Pw]   金额[money]1.4 URL:/data_s/?meeduo=1&acode=eaam96Pw&memberid=cWqsdnt7o4E16pr8&eventid=m1OZ7xrh8gqit3EL&sid=19905&totalpoint=2.0&immediate=2&point=1.40&title=%E4%B8%BB%E9%A2%98%E4%B9%90%E5%9B%AD%E8%B0%83%E6%9F%A5&pm1=cWqsdnt7o4E16pr8&pm2=&pm3=&stime=2026-01-02+08%3A38&etime=2026-01-02+10%3A28&sign=99e5f6ebd737c95ca00f6d09fa95248d  记录时间:2026-01-02  12:02:22
	 
2026-01-02  12:05:59收到数据
数据内容:  用户ID:cWqsdnt7o4E16pr8   题号:eaam96Pw   状态:成功[2]   项目:主题乐园调查[eaam96Pw]   金额[money]1.4 URL:/data_s/?meeduo=1&acode=eaam96Pw&memberid=cWqsdnt7o4E16pr8&eventid=m1OZ7xrh8gqit3EL&sid=19905&totalpoint=2.0&immediate=2&point=1.40&title=%E4%B8%BB%E9%A2%98%E4%B9%90%E5%9B%AD%E8%B0%83%E6%9F%A5&pm1=cWqsdnt7o4E16pr8&pm2=&pm3=&stime=2026-01-02+08%3A38&etime=2026-01-02+10%3A28&sign=99e5f6ebd737c95ca00f6d09fa95248d  记录时间:2026-01-02  12:05:59
	 
2026-01-02  12:10:00收到数据
数据内容:  用户ID:mzORbRe8ylxJBE16dlDG0   题号:wYgQ4o2v   状态:成功[2]   项目:cW7aiCla[wYgQ4o2v]   金额[money]1.4 URL:/data_s/?meeduo=1&acode=wYgQ4o2v&memberid=mzORbRe8ylxJBE16dlDG0&eventid=uC9flLAK75hFiV9s&sid=19905&totalpoint=2.0&immediate=2&point=1.40&title=cW7aiCla&pm1=mzORbRe8ylxJBE16dlDG0&pm2=&pm3=&stime=2026-01-02+11%3A39&etime=2026-01-02+12%3A09&sign=8df7c0f2ba82cc2ec89f32087f062db3  记录时间:2026-01-02  12:10:00
	 
2026-01-02  12:13:05收到数据
数据内容:  用户ID:cWqsdnt7o4E16pr8   题号:eaam96Pw   状态:成功[2]   项目:主题乐园调查[eaam96Pw]   金额[money]1.4 URL:/data_s/?meeduo=1&acode=eaam96Pw&memberid=cWqsdnt7o4E16pr8&eventid=m1OZ7xrh8gqit3EL&sid=19905&totalpoint=2.0&immediate=2&point=1.40&title=%E4%B8%BB%E9%A2%98%E4%B9%90%E5%9B%AD%E8%B0%83%E6%9F%A5&pm1=cWqsdnt7o4E16pr8&pm2=&pm3=&stime=2026-01-02+08%3A38&etime=2026-01-02+10%3A28&sign=99e5f6ebd737c95ca00f6d09fa95248d  记录时间:2026-01-02  12:13:05
	 
